<?xml version="1.0" encoding="UTF-8"?>
<!-- Generated by org.testng.reporters.JUnitReportReporter -->
<testsuite skipped="0" hostname="raelx" name="com.automation.tests.FirstTest" tests="1" failures="0" timestamp="03 oct 2018 21:16:01 GMT" time="17.149" errors="0">
  <testcase name="resgister" time="17.149" classname="com.automation.tests.FirstTest"/>
</testsuite> <!-- com.automation.tests.FirstTest -->
