<?xml version="1.0" encoding="UTF-8"?>
<!-- Generated by org.testng.reporters.JUnitReportReporter -->
<testsuite skipped="0" hostname="raelx" name="com.automation.tests.services.InsumoTest" tests="5" failures="0" timestamp="16 oct 2018 17:48:18 GMT" time="2.904" errors="0">
  <testcase name="getByIdUsingPathParam" time="0.056" classname="com.automation.tests.services.InsumoTest"/>
  <testcase name="getByIdUsingQueryParam" time="0.060" classname="com.automation.tests.services.InsumoTest"/>
  <testcase name="getAll" time="0.103" classname="com.automation.tests.services.InsumoTest"/>
  <testcase name="deleteInsumo" time="0.523" classname="com.automation.tests.services.InsumoTest"/>
  <testcase name="addInsumo" time="2.162" classname="com.automation.tests.services.InsumoTest"/>
</testsuite> <!-- com.automation.tests.services.InsumoTest -->
