<?xml version="1.0" encoding="UTF-8"?>
<!-- Generated by org.testng.reporters.JUnitReportReporter -->
<testsuite skipped="0" hostname="raelx" name="com.automation.tests.services.InsumoTest" tests="5" failures="0" timestamp="15 oct 2018 20:10:26 GMT" time="2.725" errors="0">
  <testcase name="getByIdUsingQueryParam" time="0.066" classname="com.automation.tests.services.InsumoTest"/>
  <testcase name="getByIdUsingPathParam" time="0.542" classname="com.automation.tests.services.InsumoTest"/>
  <testcase name="getAll" time="0.100" classname="com.automation.tests.services.InsumoTest"/>
  <testcase name="deleteProduct" time="0.064" classname="com.automation.tests.services.InsumoTest"/>
  <testcase name="addProduct" time="1.953" classname="com.automation.tests.services.InsumoTest"/>
</testsuite> <!-- com.automation.tests.services.InsumoTest -->
