<?xml version="1.0" encoding="UTF-8"?>
<!-- Generated by org.testng.reporters.JUnitReportReporter -->
<testsuite skipped="0" hostname="raelx" name="com.automation.tests.services.RestAssuredTest" tests="5" failures="0" timestamp="15 oct 2018 19:48:11 GMT" time="2.967" errors="0">
  <testcase name="getByIdUsingQueryParam" time="0.106" classname="com.automation.tests.services.RestAssuredTest"/>
  <testcase name="deleteProduct" time="0.058" classname="com.automation.tests.services.RestAssuredTest"/>
  <testcase name="getAll" time="0.117" classname="com.automation.tests.services.RestAssuredTest"/>
  <testcase name="addProduct" time="2.588" classname="com.automation.tests.services.RestAssuredTest"/>
  <testcase name="getByIdUsingPathParam" time="0.098" classname="com.automation.tests.services.RestAssuredTest"/>
</testsuite> <!-- com.automation.tests.services.RestAssuredTest -->
