<?xml version="1.0" encoding="UTF-8"?>
<!-- Generated by org.testng.reporters.JUnitReportReporter -->
<testsuite skipped="0" hostname="raelx" name="com.automation.tests.FirstTest" tests="2" failures="0" timestamp="03 oct 2018 22:44:51 GMT" time="26.492" errors="0">
  <testcase name="resgister" time="13.848" classname="com.automation.tests.FirstTest"/>
  <testcase name="resgister" time="12.644" classname="com.automation.tests.FirstTest"/>
</testsuite> <!-- com.automation.tests.FirstTest -->
